============================================
== INICIANDO ARCHIVOS DIARIOS: 2025-11-11 19:09:03 ==
============================================

INFO: Fecha de proceso determinada: 101125

Registro insertado correctamente.2025-11-10 (1) MondayRegistro Detalle de Liquidacion insertado correctamente.
Registro Liquidaciones Archivo insertado correctamente.Registro insertado correctamente.2025-11-10 (1) MondayRegistro Detalle de Liquidacion insertado correctamente.
Registro Liquidaciones Archivo insertado correctamente.Registro insertado correctamente.2025-11-10 (1) MondayRegistro Detalle de Liquidacion insertado correctamente.
Registro Liquidaciones Archivo insertado correctamente.Registro insertado correctamente.2025-11-10 (1) MondayRegistro Detalle de Liquidacion insertado correctamente.
Registro Liquidaciones Archivo insertado correctamente.Registro insertado correctamente.2025-11-10 (1) MondayRegistro Detalle de Liquidacion insertado correctamente.
Registro Liquidaciones Archivo insertado correctamente.Registro insertado correctamente.2025-11-10 (1) MondayRegistro Detalle de Liquidacion insertado correctamente.
Registro Liquidaciones Archivo insertado correctamente.Registro insertado correctamente.2025-11-10 (1) MondayRegistro Detalle de Liquidacion insertado correctamente.
Registro Liquidaciones Archivo insertado correctamente.Registro insertado correctamente.2025-11-10 (1) MondayRegistro Detalle de Liquidacion insertado correctamente.
Registro Liquidaciones Archivo insertado correctamente.Registro insertado correctamente.2025-11-10 (1) MondayRegistro Detalle de Liquidacion insertado correctamente.
Registro Liquidaciones Archivo insertado correctamente.Registro insertado correctamente.2025-11-10 (1) MondayRegistro Detalle de Liquidacion insertado correctamente.
Registro Liquidaciones Archivo insertado correctamente.Registro insertado correctamente.2025-11-10 (1) MondayRegistro Detalle de Liquidacion insertado correctamente.
Registro Liquidaciones Archivo insertado correctamente.Registro insertado correctamente.2025-11-10 (1) MondayRegistro Detalle de Liquidacion insertado correctamente.
Registro Liquidaciones Archivo insertado correctamente.Registro insertado correctamente.2025-11-10 (1) MondayRegistro Detalle de Liquidacion insertado correctamente.
Registro Liquidaciones Archivo insertado correctamente.Registro insertado correctamente.2025-11-10 (1) MondayRegistro Detalle de Liquidacion insertado correctamente.
Registro Liquidaciones Archivo insertado correctamente.Registro insertado correctamente.2025-11-10 (1) MondayRegistro Detalle de Liquidacion insertado correctamente.
Registro Liquidaciones Archivo insertado correctamente.Registro insertado correctamente.2025-11-10 (1) MondayRegistro Detalle de Liquidacion insertado correctamente.
Registro Liquidaciones Archivo insertado correctamente.Registro insertado correctamente.2025-11-10 (1) MondayRegistro Detalle de Liquidacion insertado correctamente.
Registro Liquidaciones Archivo insertado correctamente.Registro insertado correctamente.2025-11-10 (1) MondayRegistro Detalle de Liquidacion insertado correctamente.
Registro Liquidaciones Archivo insertado correctamente.Registro insertado correctamente.2025-11-10 (1) MondayRegistro Detalle de Liquidacion insertado correctamente.
Registro Liquidaciones Archivo insertado correctamente.Registro insertado correctamente.2025-11-10 (1) MondayRegistro Detalle de Liquidacion insertado correctamente.
Registro Liquidaciones Archivo insertado correctamente.Registro insertado correctamente.2025-11-10 (1) MondayRegistro Detalle de Liquidacion insertado correctamente.
Registro Liquidaciones Archivo insertado correctamente.Registro insertado correctamente.2025-11-10 (1) MondayRegistro Detalle de Liquidacion insertado correctamente.
Registro Liquidaciones Archivo insertado correctamente.Registro insertado correctamente.2025-11-10 (1) MondayRegistro Detalle de Liquidacion insertado correctamente.
Registro Liquidaciones Archivo insertado correctamente.Registros generados correctamente en el archivo 'Moura.txt'.
Registros de devoluciones insertados correctamente en BD


============================================
== PROCESO FINALIZADO: 2025-11-11 19:09:03 ==
== DURACIÓN TOTAL: 0 minutos ==
============================================
